<?xml version="1.0" encoding="UTF-8"?>
<testsuite xmlns:xsi="http://www.w3.org/2001/XMLSchema-instance" xsi:noNamespaceSchemaLocation="https://maven.apache.org/surefire/maven-surefire-plugin/xsd/surefire-test-report-3.0.xsd" version="3.0" name="com.tests.ImageNegativeTests" time="2.073" tests="3" errors="0" skipped="0" failures="0">
  <properties>
[...]
</properties>
  <testcase name="uploadFileZeroLengthDataTest" classname="com.tests.ImageNegativeTests" time="0.838">
    <system-out><![CDATA[HTTP/1.1 400 Bad Request
Connection: close
Content-Length: 104
Access-Control-Allow-Headers: Authorization, Content-Type, Accept, X-Mashape-Authorization, IMGURPLATFORM, IMGURUIDJAFO, SESSIONCOUNT, IMGURMWBETA, IMGURMWBETAOPTIN
Access-Control-Allow-Methods: GET, PUT, POST, DELETE, OPTIONS
Access-Control-Allow-Origin: *
Access-Control-Expose-Headers: X-RateLimit-ClientLimit, X-RateLimit-ClientRemaining, X-RateLimit-UserLimit, X-RateLimit-UserRemaining, X-RateLimit-UserReset, Geo-City, Geo-Region, Geo-Metro-Code, Geo-Country-Code
Cache-Control: no-store, no-cache, must-revalidate, post-check=0, pre-check=0
Content-Type: application/json
Date: Thu, 06 Jan 2022 14:17:47 GMT
ETag: "35a67447a9b4ef612dfa4a8f61234f2569b0b285"
Server: nginx
X-Post-Rate-Limit-Limit: 1250
X-Post-Rate-Limit-Remaining: 1240
X-Post-Rate-Limit-Reset: 2802

{
    "data": {
        "error": "Invalid URL (0)",
        "request": "/3/image",
        "method": "POST"
    },
    "success": false,
    "status": 400
}
]]></system-out>
  </testcase>
  <testcase name="uploadFileNoAuthTokenTest" classname="com.tests.ImageNegativeTests" time="0.575">
    <system-out><![CDATA[HTTP/1.1 401 Unauthorized
Connection: close
Content-Length: 112
Access-Control-Allow-Headers: Authorization, Content-Type, Accept, X-Mashape-Authorization, IMGURPLATFORM, IMGURUIDJAFO, SESSIONCOUNT, IMGURMWBETA, IMGURMWBETAOPTIN
Access-Control-Allow-Methods: GET, PUT, POST, DELETE, OPTIONS
Access-Control-Allow-Origin: *
Access-Control-Expose-Headers: X-RateLimit-ClientLimit, X-RateLimit-ClientRemaining, X-RateLimit-UserLimit, X-RateLimit-UserRemaining, X-RateLimit-UserReset, Geo-City, Geo-Region, Geo-Metro-Code, Geo-Country-Code
Cache-Control: no-store, no-cache, must-revalidate, post-check=0, pre-check=0
Content-Type: application/json
Date: Thu, 06 Jan 2022 14:17:48 GMT
ETag: "94202c5deb1015b2de10fe544fb20771d8f23e92"
Server: nginx
X-Post-Rate-Limit-Limit: 1250
X-Post-Rate-Limit-Remaining: 1239
X-Post-Rate-Limit-Reset: 2801

{
    "data": {
        "error": "Authentication required",
        "request": "/3/image",
        "method": "POST"
    },
    "success": false,
    "status": 401
}
]]></system-out>
  </testcase>
  <testcase name="uploadFileNoDataTest" classname="com.tests.ImageNegativeTests" time="0.649">
    <system-out><![CDATA[HTTP/1.1 400 Bad Request
Connection: close
Content-Length: 129
Access-Control-Allow-Headers: Authorization, Content-Type, Accept, X-Mashape-Authorization, IMGURPLATFORM, IMGURUIDJAFO, SESSIONCOUNT, IMGURMWBETA, IMGURMWBETAOPTIN
Access-Control-Allow-Methods: GET, PUT, POST, DELETE, OPTIONS
Access-Control-Allow-Origin: *
Access-Control-Expose-Headers: X-RateLimit-ClientLimit, X-RateLimit-ClientRemaining, X-RateLimit-UserLimit, X-RateLimit-UserRemaining, X-RateLimit-UserReset, Geo-City, Geo-Region, Geo-Metro-Code, Geo-Country-Code
Cache-Control: no-store, no-cache, must-revalidate, post-check=0, pre-check=0
Content-Type: application/json
Date: Thu, 06 Jan 2022 14:17:49 GMT
ETag: "a2b37585699aeeadc26059fa73c7d0e25dd96482"
Server: nginx
X-Post-Rate-Limit-Limit: 1250
X-Post-Rate-Limit-Remaining: 1238
X-Post-Rate-Limit-Reset: 2801

{
    "data": {
        "error": "No image data was sent to the upload api",
        "request": "/3/image",
        "method": "POST"
    },
    "success": false,
    "status": 400
}
]]></system-out>
  </testcase>
</testsuite>