<?xml version="1.0" encoding="UTF-8"?>
<testsuite xmlns:xsi="http://www.w3.org/2001/XMLSchema-instance" xsi:noNamespaceSchemaLocation="https://maven.apache.org/surefire/maven-surefire-plugin/xsd/surefire-test-report-3.0.xsd" version="3.0" name="com.tests.ImageTests" time="2.45" tests="1" errors="0" skipped="0" failures="0">
  <properties>
[...]
</properties>
  <testcase name="uploadFileTest" classname="com.tests.ImageTests" time="2.449">
    <system-out><![CDATA[HTTP/1.1 200 OK
Connection: close
Content-Length: 327
Access-Control-Allow-Headers: Authorization, Content-Type, Accept, X-Mashape-Authorization, IMGURPLATFORM, IMGURUIDJAFO, SESSIONCOUNT, IMGURMWBETA, IMGURMWBETAOPTIN
Access-Control-Allow-Methods: GET, PUT, POST, DELETE, OPTIONS
Access-Control-Allow-Origin: *
Access-Control-Expose-Headers: X-RateLimit-ClientLimit, X-RateLimit-ClientRemaining, X-RateLimit-UserLimit, X-RateLimit-UserRemaining, X-RateLimit-UserReset, Geo-City, Geo-Region, Geo-Metro-Code, Geo-Country-Code
Cache-Control: no-store, no-cache, must-revalidate, post-check=0, pre-check=0
Content-Encoding: gzip
Content-Type: application/json
Date: Thu, 06 Jan 2022 14:17:50 GMT
ETag: W/"8e76c38a17a40f2fbf39b6771e41c855b933cca2"
Expires: Thu, 19 Nov 1981 08:52:00 GMT
Pragma: no-cache
Server: nginx
Set-Cookie: IMGURSESSION=13690f80a1c1698eb1637a3afd6bcfe3; path=/; domain=.imgur.com; secure; HttpOnly
Set-Cookie: _nc=1; path=/; domain=.imgur.com; HttpOnly
Vary: Accept-Encoding
X-origin-ip: 172.16.2.234
X-Post-Rate-Limit-Limit: 1250
X-Post-Rate-Limit-Remaining: 1237
X-Post-Rate-Limit-Reset: 2800
X-RateLimit-ClientLimit: 12500
X-RateLimit-ClientRemaining: 12456
X-RateLimit-UserLimit: 2000
X-RateLimit-UserRemaining: 1994
X-RateLimit-UserReset: 1641481257

{
    "data": {
        "id": "nOtoH1q",
        "title": null,
        "description": null,
        "datetime": 1641478670,
        "type": "image/gif",
        "animated": false,
        "width": 128,
        "height": 128,
        "size": 531,
        "views": 0,
        "bandwidth": 0,
        "vote": null,
        "favorite": false,
        "nsfw": null,
        "section": null,
        "account_url": null,
        "account_id": 145270851,
        "is_ad": false,
        "in_most_viral": false,
        "has_sound": false,
        "tags": [
            
        ],
        "ad_type": 0,
        "ad_url": "",
        "edited": "0",
        "in_gallery": false,
        "deletehash": "Q5KzGLKLw205Z5k",
        "name": "",
        "link": "https://i.imgur.com/nOtoH1q.gif"
    },
    "success": true,
    "status": 200
}
HTTP/1.1 200 OK
Connection: keep-alive
Content-Type: application/json
Access-Control-Expose-Headers: X-RateLimit-ClientLimit, X-RateLimit-ClientRemaining, X-RateLimit-UserLimit, X-RateLimit-UserRemaining, X-RateLimit-UserReset, Geo-City, Geo-Region, Geo-Metro-Code, Geo-Country-Code
X-RateLimit-ClientLimit: 12500
X-RateLimit-ClientRemaining: 12455
X-RateLimit-UserLimit: 2000
X-RateLimit-UserRemaining: 1993
X-RateLimit-UserReset: 1641481257
ETag: W/"4a931e85c4c3e49f1fb921656d64b65510e32928"
Cache-Control: no-store, no-cache, must-revalidate, post-check=0, pre-check=0
Content-Encoding: gzip
Accept-Ranges: bytes
Date: Thu, 06 Jan 2022 14:17:51 GMT
X-Served-By: cache-fra19168-FRA
X-Cache: MISS
X-Cache-Hits: 0
X-Timer: S1641478671.753861,VS0,VE778
Vary: Accept-Encoding
access-control-allow-methods: GET, PUT, POST, PATCH, DELETE, OPTIONS
Server: cat factory 1.0
Access-Control-Allow-Origin: *
Access-Control-Allow-Credentials: true
X-Frame-Options: DENY
Access-Control-Allow-Headers: Authorization, Content-Type, Accept, X-Mashape-Authorization, IMGURPLATFORM, IMGURUIDJAFO, sessionCount, IMGURMWBETA, IMGURMWBETAOPTIN, X-expSNKPK127, X-Imgur-Defender-Bypass
transfer-encoding: chunked

{
    "data": true,
    "success": true,
    "status": 200
}
]]></system-out>
  </testcase>
</testsuite>